<?xml version="1.0" encoding="UTF-8" ?>
<testsuite errors="0" failures="0" hostname="ararraquino.ml.com" name="com.acme.app.SimpleControllerTests" tests="1" time="2.424" timestamp="2015-10-19T21:35:35">
  <properties />
  <testcase classname="com.acme.app.SimpleControllerTests" name="testHello" time="2.352" />
  <system-out><![CDATA[--Output from testHello--
]]></system-out>
  <system-err><![CDATA[--Output from testHello--
]]></system-err>
</testsuite>
